10.04.2017 11:27:23:160|org.lss.erp.common.beans.SpringBeanFactory(33)| Error creating bean with name 'mySessionFactory' defined in class path resource [META-INF/applicationContext.xml]: Cannot resolve reference to bean 'auditEventListener' while setting bean property 'eventListeners' with key [TypedStringValue: value [post-insert], target type [class java.lang.String]]; nested exception is org.springframework.beans.factory.CannotLoadBeanClassException: Cannot find class [org.hibernate.envers.event.AuditEventListener] for bean with name 'auditEventListener' defined in class path resource [META-INF/applicationContext.xml]; nested exception is java.lang.ClassNotFoundException: org.hibernate.envers.event.AuditEventListener
org.springframework.beans.factory.BeanCreationException: Error creating bean with name 'mySessionFactory' defined in class path resource [META-INF/applicationContext.xml]: Cannot resolve reference to bean 'auditEventListener' while setting bean property 'eventListeners' with key [TypedStringValue: value [post-insert], target type [class java.lang.String]]; nested exception is org.springframework.beans.factory.CannotLoadBeanClassException: Cannot find class [org.hibernate.envers.event.AuditEventListener] for bean with name 'auditEventListener' defined in class path resource [META-INF/applicationContext.xml]; nested exception is java.lang.ClassNotFoundException: org.hibernate.envers.event.AuditEventListener
	at org.springframework.beans.factory.support.BeanDefinitionValueResolver.resolveReference(BeanDefinitionValueResolver.java:328)
	at org.springframework.beans.factory.support.BeanDefinitionValueResolver.resolveValueIfNecessary(BeanDefinitionValueResolver.java:106)
	at org.springframework.beans.factory.support.BeanDefinitionValueResolver.resolveManagedMap(BeanDefinitionValueResolver.java:378)
	at org.springframework.beans.factory.support.BeanDefinitionValueResolver.resolveValueIfNecessary(BeanDefinitionValueResolver.java:161)
	at org.springframework.beans.factory.support.AbstractAutowireCapableBeanFactory.applyPropertyValues(AbstractAutowireCapableBeanFactory.java:1360)
	at org.springframework.beans.factory.support.AbstractAutowireCapableBeanFactory.populateBean(AbstractAutowireCapableBeanFactory.java:1118)
	at org.springframework.beans.factory.support.AbstractAutowireCapableBeanFactory.doCreateBean(AbstractAutowireCapableBeanFactory.java:517)
	at org.springframework.beans.factory.support.AbstractAutowireCapableBeanFactory.createBean(AbstractAutowireCapableBeanFactory.java:456)
	at org.springframework.beans.factory.support.AbstractBeanFactory$1.getObject(AbstractBeanFactory.java:294)
	at org.springframework.beans.factory.support.DefaultSingletonBeanRegistry.getSingleton(DefaultSingletonBeanRegistry.java:225)
	at org.springframework.beans.factory.support.AbstractBeanFactory.doGetBean(AbstractBeanFactory.java:291)
	at org.springframework.beans.factory.support.AbstractBeanFactory.getBean(AbstractBeanFactory.java:193)
	at org.springframework.beans.factory.support.DefaultListableBeanFactory.preInstantiateSingletons(DefaultListableBeanFactory.java:567)
	at org.springframework.context.support.AbstractApplicationContext.finishBeanFactoryInitialization(AbstractApplicationContext.java:913)
	at org.springframework.context.support.AbstractApplicationContext.refresh(AbstractApplicationContext.java:464)
	at org.springframework.context.support.ClassPathXmlApplicationContext.<init>(ClassPathXmlApplicationContext.java:139)
	at org.springframework.context.support.ClassPathXmlApplicationContext.<init>(ClassPathXmlApplicationContext.java:83)
	at org.lss.erp.common.beans.SpringBeanFactory.<init>(SpringBeanFactory.java:30)
	at org.lss.erp.common.beans.SpringBeanFactory.getInstance(SpringBeanFactory.java:39)
	at org.lss.erp.gui.PatchNewComponentsAddition$4.run(PatchNewComponentsAddition.java:144)
Caused by: org.springframework.beans.factory.CannotLoadBeanClassException: Cannot find class [org.hibernate.envers.event.AuditEventListener] for bean with name 'auditEventListener' defined in class path resource [META-INF/applicationContext.xml]; nested exception is java.lang.ClassNotFoundException: org.hibernate.envers.event.AuditEventListener
	at org.springframework.beans.factory.support.AbstractBeanFactory.resolveBeanClass(AbstractBeanFactory.java:1262)
	at org.springframework.beans.factory.support.AbstractAutowireCapableBeanFactory.createBean(AbstractAutowireCapableBeanFactory.java:433)
	at org.springframework.beans.factory.support.AbstractBeanFactory$1.getObject(AbstractBeanFactory.java:294)
	at org.springframework.beans.factory.support.DefaultSingletonBeanRegistry.getSingleton(DefaultSingletonBeanRegistry.java:225)
	at org.springframework.beans.factory.support.AbstractBeanFactory.doGetBean(AbstractBeanFactory.java:291)
	at org.springframework.beans.factory.support.AbstractBeanFactory.getBean(AbstractBeanFactory.java:193)
	at org.springframework.beans.factory.support.BeanDefinitionValueResolver.resolveReference(BeanDefinitionValueResolver.java:322)
	... 19 more
Caused by: java.lang.ClassNotFoundException: org.hibernate.envers.event.AuditEventListener
	at java.net.URLClassLoader.findClass(Unknown Source)
	at java.lang.ClassLoader.loadClass(Unknown Source)
	at sun.misc.Launcher$AppClassLoader.loadClass(Unknown Source)
	at java.lang.ClassLoader.loadClass(Unknown Source)
	at org.springframework.util.ClassUtils.forName(ClassUtils.java:258)
	at org.springframework.beans.factory.support.AbstractBeanDefinition.resolveBeanClass(AbstractBeanDefinition.java:417)
	at org.springframework.beans.factory.support.AbstractBeanFactory.doResolveBeanClass(AbstractBeanFactory.java:1283)
	at org.springframework.beans.factory.support.AbstractBeanFactory.resolveBeanClass(AbstractBeanFactory.java:1254)
	... 25 more
10.04.2017 11:27:46:708|org.lss.erp.common.beans.SpringBeanFactory(33)| Error creating bean with name 'mySessionFactory' defined in class path resource [META-INF/applicationContext.xml]: Cannot resolve reference to bean 'auditEventListener' while setting bean property 'eventListeners' with key [TypedStringValue: value [post-insert], target type [class java.lang.String]]; nested exception is org.springframework.beans.factory.CannotLoadBeanClassException: Cannot find class [org.hibernate.envers.event.AuditEventListener] for bean with name 'auditEventListener' defined in class path resource [META-INF/applicationContext.xml]; nested exception is java.lang.ClassNotFoundException: org.hibernate.envers.event.AuditEventListener
org.springframework.beans.factory.BeanCreationException: Error creating bean with name 'mySessionFactory' defined in class path resource [META-INF/applicationContext.xml]: Cannot resolve reference to bean 'auditEventListener' while setting bean property 'eventListeners' with key [TypedStringValue: value [post-insert], target type [class java.lang.String]]; nested exception is org.springframework.beans.factory.CannotLoadBeanClassException: Cannot find class [org.hibernate.envers.event.AuditEventListener] for bean with name 'auditEventListener' defined in class path resource [META-INF/applicationContext.xml]; nested exception is java.lang.ClassNotFoundException: org.hibernate.envers.event.AuditEventListener
	at org.springframework.beans.factory.support.BeanDefinitionValueResolver.resolveReference(BeanDefinitionValueResolver.java:328)
	at org.springframework.beans.factory.support.BeanDefinitionValueResolver.resolveValueIfNecessary(BeanDefinitionValueResolver.java:106)
	at org.springframework.beans.factory.support.BeanDefinitionValueResolver.resolveManagedMap(BeanDefinitionValueResolver.java:378)
	at org.springframework.beans.factory.support.BeanDefinitionValueResolver.resolveValueIfNecessary(BeanDefinitionValueResolver.java:161)
	at org.springframework.beans.factory.support.AbstractAutowireCapableBeanFactory.applyPropertyValues(AbstractAutowireCapableBeanFactory.java:1360)
	at org.springframework.beans.factory.support.AbstractAutowireCapableBeanFactory.populateBean(AbstractAutowireCapableBeanFactory.java:1118)
	at org.springframework.beans.factory.support.AbstractAutowireCapableBeanFactory.doCreateBean(AbstractAutowireCapableBeanFactory.java:517)
	at org.springframework.beans.factory.support.AbstractAutowireCapableBeanFactory.createBean(AbstractAutowireCapableBeanFactory.java:456)
	at org.springframework.beans.factory.support.AbstractBeanFactory$1.getObject(AbstractBeanFactory.java:294)
	at org.springframework.beans.factory.support.DefaultSingletonBeanRegistry.getSingleton(DefaultSingletonBeanRegistry.java:225)
	at org.springframework.beans.factory.support.AbstractBeanFactory.doGetBean(AbstractBeanFactory.java:291)
	at org.springframework.beans.factory.support.AbstractBeanFactory.getBean(AbstractBeanFactory.java:193)
	at org.springframework.beans.factory.support.DefaultListableBeanFactory.preInstantiateSingletons(DefaultListableBeanFactory.java:567)
	at org.springframework.context.support.AbstractApplicationContext.finishBeanFactoryInitialization(AbstractApplicationContext.java:913)
	at org.springframework.context.support.AbstractApplicationContext.refresh(AbstractApplicationContext.java:464)
	at org.springframework.context.support.ClassPathXmlApplicationContext.<init>(ClassPathXmlApplicationContext.java:139)
	at org.springframework.context.support.ClassPathXmlApplicationContext.<init>(ClassPathXmlApplicationContext.java:83)
	at org.lss.erp.common.beans.SpringBeanFactory.<init>(SpringBeanFactory.java:30)
	at org.lss.erp.common.beans.SpringBeanFactory.getInstance(SpringBeanFactory.java:39)
	at org.lss.erp.gui.PatchNewComponentsAddition$4.run(PatchNewComponentsAddition.java:144)
Caused by: org.springframework.beans.factory.CannotLoadBeanClassException: Cannot find class [org.hibernate.envers.event.AuditEventListener] for bean with name 'auditEventListener' defined in class path resource [META-INF/applicationContext.xml]; nested exception is java.lang.ClassNotFoundException: org.hibernate.envers.event.AuditEventListener
	at org.springframework.beans.factory.support.AbstractBeanFactory.resolveBeanClass(AbstractBeanFactory.java:1262)
	at org.springframework.beans.factory.support.AbstractAutowireCapableBeanFactory.createBean(AbstractAutowireCapableBeanFactory.java:433)
	at org.springframework.beans.factory.support.AbstractBeanFactory$1.getObject(AbstractBeanFactory.java:294)
	at org.springframework.beans.factory.support.DefaultSingletonBeanRegistry.getSingleton(DefaultSingletonBeanRegistry.java:225)
	at org.springframework.beans.factory.support.AbstractBeanFactory.doGetBean(AbstractBeanFactory.java:291)
	at org.springframework.beans.factory.support.AbstractBeanFactory.getBean(AbstractBeanFactory.java:193)
	at org.springframework.beans.factory.support.BeanDefinitionValueResolver.resolveReference(BeanDefinitionValueResolver.java:322)
	... 19 more
Caused by: java.lang.ClassNotFoundException: org.hibernate.envers.event.AuditEventListener
	at java.net.URLClassLoader.findClass(Unknown Source)
	at java.lang.ClassLoader.loadClass(Unknown Source)
	at sun.misc.Launcher$AppClassLoader.loadClass(Unknown Source)
	at java.lang.ClassLoader.loadClass(Unknown Source)
	at org.springframework.util.ClassUtils.forName(ClassUtils.java:258)
	at org.springframework.beans.factory.support.AbstractBeanDefinition.resolveBeanClass(AbstractBeanDefinition.java:417)
	at org.springframework.beans.factory.support.AbstractBeanFactory.doResolveBeanClass(AbstractBeanFactory.java:1283)
	at org.springframework.beans.factory.support.AbstractBeanFactory.resolveBeanClass(AbstractBeanFactory.java:1254)
	... 25 more
